[AUDIT] Lancement audit approfondi

[ENV PYTHON INUTILES]
/root/my-double-numerique/frontend/node_modules/axios/lib/env

[CACHES PYTHON/JS]
/root/my-double-numerique/frontend/node_modules/caniuse-lite/dist
/root/my-double-numerique/frontend/node_modules/@typescript-eslint/type-utils/dist
/root/my-double-numerique/frontend/node_modules/@typescript-eslint/tsconfig-utils/dist
/root/my-double-numerique/frontend/node_modules/@typescript-eslint/typescript-estree/node_modules/minimatch/dist
/root/my-double-numerique/frontend/node_modules/@typescript-eslint/typescript-estree/dist
/root/my-double-numerique/frontend/node_modules/@typescript-eslint/parser/dist
/root/my-double-numerique/frontend/node_modules/@typescript-eslint/types/dist
/root/my-double-numerique/frontend/node_modules/@typescript-eslint/project-service/dist
/root/my-double-numerique/frontend/node_modules/@typescript-eslint/visitor-keys/dist
/root/my-double-numerique/frontend/node_modules/@typescript-eslint/eslint-plugin/dist
/root/my-double-numerique/frontend/node_modules/@typescript-eslint/scope-manager/dist
/root/my-double-numerique/frontend/node_modules/@typescript-eslint/utils/dist
/root/my-double-numerique/frontend/node_modules/typescript-eslint/dist
/root/my-double-numerique/frontend/node_modules/js-yaml/dist
/root/my-double-numerique/frontend/node_modules/vite/node_modules/fdir/dist
/root/my-double-numerique/frontend/node_modules/vite/dist
/root/my-double-numerique/frontend/node_modules/@vitejs/plugin-react/dist
/root/my-double-numerique/frontend/node_modules/json5/dist
/root/my-double-numerique/frontend/node_modules/uri-js/dist
/root/my-double-numerique/frontend/node_modules/tinyglobby/node_modules/fdir/dist
/root/my-double-numerique/frontend/node_modules/tinyglobby/dist
/root/my-double-numerique/frontend/node_modules/@jridgewell/resolve-uri/dist
/root/my-double-numerique/frontend/node_modules/@jridgewell/set-array/dist
/root/my-double-numerique/frontend/node_modules/@jridgewell/gen-mapping/dist
/root/my-double-numerique/frontend/node_modules/@jridgewell/trace-mapping/dist
/root/my-double-numerique/frontend/node_modules/@jridgewell/sourcemap-codec/dist
/root/my-double-numerique/frontend/node_modules/escalade/dist
/root/my-double-numerique/frontend/node_modules/@humanfs/core/dist
/root/my-double-numerique/frontend/node_modules/@humanfs/node/node_modules/@humanwhocodes/retry/dist
/root/my-double-numerique/frontend/node_modules/@humanfs/node/dist
/root/my-double-numerique/frontend/node_modules/@ampproject/remapping/dist
/root/my-double-numerique/frontend/node_modules/axios/dist
/root/my-double-numerique/frontend/node_modules/espree/dist
/root/my-double-numerique/frontend/node_modules/eslint-scope/dist
/root/my-double-numerique/frontend/node_modules/@rolldown/pluginutils/dist
/root/my-double-numerique/frontend/node_modules/@eslint-community/eslint-utils/node_modules/eslint-visitor-keys/dist
/root/my-double-numerique/frontend/node_modules/rollup/dist
/root/my-double-numerique/frontend/node_modules/ajv/dist
/root/my-double-numerique/frontend/node_modules/eslint-visitor-keys/dist
/root/my-double-numerique/frontend/node_modules/esquery/dist
/root/my-double-numerique/frontend/node_modules/acorn/dist
/root/my-double-numerique/frontend/node_modules/@eslint/eslintrc/dist
/root/my-double-numerique/frontend/node_modules/@eslint/config-array/dist
/root/my-double-numerique/frontend/node_modules/@eslint/core/dist
/root/my-double-numerique/frontend/node_modules/@eslint/config-helpers/dist
/root/my-double-numerique/frontend/node_modules/@eslint/object-schema/dist
/root/my-double-numerique/frontend/node_modules/@eslint/plugin-kit/node_modules/@eslint/core/dist
/root/my-double-numerique/frontend/node_modules/@eslint/plugin-kit/dist
/root/my-double-numerique/frontend/node_modules/tailwindcss/dist
/root/my-double-numerique/frontend/node_modules/@humanwhocodes/module-importer/dist
/root/my-double-numerique/frontend/node_modules/@humanwhocodes/retry/dist
/root/my-double-numerique/jarvisenv310/lib/python3.10/site-packages/pip/_internal/operations/build

[GROS FICHIERS/HORS VENV/NODE]

[FICHIERS POTENTIELS OBSOLETES]
/root/my-double-numerique/agent_core.py.bak
/root/my-double-numerique/frontend/node_modules/form-data/README.md.bak
/root/my-double-numerique/jarvisenv310/lib/python3.10/site-packages/gruut_lang_es/espeak/lexicon.db
/root/my-double-numerique/jarvisenv310/lib/python3.10/site-packages/gruut_lang_es/lexicon.db
/root/my-double-numerique/jarvisenv310/lib/python3.10/site-packages/gruut_lang_en/espeak/lexicon.db
/root/my-double-numerique/jarvisenv310/lib/python3.10/site-packages/gruut_lang_en/lexicon.db
/root/my-double-numerique/jarvisenv310/lib/python3.10/site-packages/gruut_lang_de/espeak/lexicon.db
/root/my-double-numerique/jarvisenv310/lib/python3.10/site-packages/gruut_lang_de/lexicon.db
/root/my-double-numerique/jarvisenv310/lib/python3.10/site-packages/gruut_lang_fr/espeak/lexicon.db
/root/my-double-numerique/jarvisenv310/lib/python3.10/site-packages/gruut_lang_fr/lexicon.db
