[SUPPRIME] /root/my-double-numerique/.venv310
[SUPPRIME] /root/my-double-numerique/1.zip
[SUPPRIME] /root/my-double-numerique/backup
[SUPPRIME] /root/my-double-numerique/backups
[SUPPRIME] /root/my-double-numerique/plugins
[SUPPRIME] /root/my-double-numerique/data/onedrive_backups
[SUPPRIME] /root/my-double-numerique/requirements.txt.bak
[SUPPRIME] /root/my-double-numerique/requirements_tmp.txt
[SUPPRIME] /root/my-double-numerique/diagnostic_jarvis_20250628_104656.log
[SUPPRIME] /root/my-double-numerique/jarvis_env_audit_20250628_121354.log
[SUPPRIME] jarvisenv310/lib/python3.10/site-packages/preshed/tests
[SUPPRIME] jarvisenv310/lib/python3.10/site-packages/murmurhash/tests
[SUPPRIME] jarvisenv310/lib/python3.10/site-packages/fsspec/tests
[SUPPRIME] jarvisenv310/lib/python3.10/site-packages/mpmath/tests
[SUPPRIME] jarvisenv310/lib/python3.10/site-packages/cymem/tests
[SUPPRIME] jarvisenv310/lib/python3.10/site-packages/pandas/tests
[SUPPRIME] jarvisenv310/lib/python3.10/site-packages/mpl_toolkits/mplot3d/tests
[SUPPRIME] jarvisenv310/lib/python3.10/site-packages/mpl_toolkits/axes_grid1/tests
[SUPPRIME] jarvisenv310/lib/python3.10/site-packages/mpl_toolkits/axisartist/tests
[SUPPRIME] jarvisenv310/lib/python3.10/site-packages/matplotlib/tests
[SUPPRIME] jarvisenv310/lib/python3.10/site-packages/matplotlib/testing
[SUPPRIME] jarvisenv310/lib/python3.10/site-packages/srsly/tests
[SUPPRIME] jarvisenv310/lib/python3.10/site-packages/scipy/special/tests
[SUPPRIME] jarvisenv310/lib/python3.10/site-packages/scipy/linalg/tests
[SUPPRIME] jarvisenv310/lib/python3.10/site-packages/scipy/sparse/csgraph/tests
[SUPPRIME] jarvisenv310/lib/python3.10/site-packages/scipy/sparse/linalg/_eigen/lobpcg/tests
[SUPPRIME] jarvisenv310/lib/python3.10/site-packages/scipy/sparse/linalg/_eigen/tests
[SUPPRIME] jarvisenv310/lib/python3.10/site-packages/scipy/sparse/linalg/_eigen/arpack/tests
[SUPPRIME] jarvisenv310/lib/python3.10/site-packages/scipy/sparse/linalg/_dsolve/tests
[SUPPRIME] jarvisenv310/lib/python3.10/site-packages/scipy/sparse/linalg/tests
[SUPPRIME] jarvisenv310/lib/python3.10/site-packages/scipy/sparse/linalg/_isolve/tests
[SUPPRIME] jarvisenv310/lib/python3.10/site-packages/scipy/sparse/tests
[SUPPRIME] jarvisenv310/lib/python3.10/site-packages/scipy/misc/tests
[SUPPRIME] jarvisenv310/lib/python3.10/site-packages/scipy/fft/_pocketfft/tests
[SUPPRIME] jarvisenv310/lib/python3.10/site-packages/scipy/fft/tests
[SUPPRIME] jarvisenv310/lib/python3.10/site-packages/scipy/odr/tests
[SUPPRIME] jarvisenv310/lib/python3.10/site-packages/scipy/optimize/_trustregion_constr/tests
[SUPPRIME] jarvisenv310/lib/python3.10/site-packages/scipy/optimize/tests
[SUPPRIME] jarvisenv310/lib/python3.10/site-packages/scipy/io/arff/tests
[SUPPRIME] jarvisenv310/lib/python3.10/site-packages/scipy/io/tests
[SUPPRIME] jarvisenv310/lib/python3.10/site-packages/scipy/io/_harwell_boeing/tests
[SUPPRIME] jarvisenv310/lib/python3.10/site-packages/scipy/io/matlab/tests
[SUPPRIME] jarvisenv310/lib/python3.10/site-packages/scipy/constants/tests
[SUPPRIME] jarvisenv310/lib/python3.10/site-packages/scipy/spatial/transform/tests
[SUPPRIME] jarvisenv310/lib/python3.10/site-packages/scipy/spatial/tests
[SUPPRIME] jarvisenv310/lib/python3.10/site-packages/scipy/ndimage/tests
[SUPPRIME] jarvisenv310/lib/python3.10/site-packages/scipy/stats/tests
[SUPPRIME] jarvisenv310/lib/python3.10/site-packages/scipy/interpolate/tests
[SUPPRIME] jarvisenv310/lib/python3.10/site-packages/scipy/_lib/tests
[SUPPRIME] jarvisenv310/lib/python3.10/site-packages/scipy/fftpack/tests
[SUPPRIME] jarvisenv310/lib/python3.10/site-packages/scipy/cluster/tests
[SUPPRIME] jarvisenv310/lib/python3.10/site-packages/scipy/integrate/_ivp/tests
[SUPPRIME] jarvisenv310/lib/python3.10/site-packages/scipy/integrate/tests
[SUPPRIME] jarvisenv310/lib/python3.10/site-packages/scipy/signal/tests
[SUPPRIME] jarvisenv310/lib/python3.10/site-packages/scipy/datasets/tests
[SUPPRIME] jarvisenv310/lib/python3.10/site-packages/lazy_loader/tests
[SUPPRIME] jarvisenv310/lib/python3.10/site-packages/absl/testing
[SUPPRIME] jarvisenv310/lib/python3.10/site-packages/wasabi/tests
[SUPPRIME] jarvisenv310/lib/python3.10/site-packages/sklearn/feature_selection/tests
[SUPPRIME] jarvisenv310/lib/python3.10/site-packages/sklearn/experimental/tests
[SUPPRIME] jarvisenv310/lib/python3.10/site-packages/sklearn/gaussian_process/tests
[SUPPRIME] jarvisenv310/lib/python3.10/site-packages/sklearn/svm/tests
[SUPPRIME] jarvisenv310/lib/python3.10/site-packages/sklearn/model_selection/tests
[SUPPRIME] jarvisenv310/lib/python3.10/site-packages/sklearn/cross_decomposition/tests
[SUPPRIME] jarvisenv310/lib/python3.10/site-packages/sklearn/decomposition/tests
[SUPPRIME] jarvisenv310/lib/python3.10/site-packages/sklearn/_loss/tests
[SUPPRIME] jarvisenv310/lib/python3.10/site-packages/sklearn/frozen/tests
[SUPPRIME] jarvisenv310/lib/python3.10/site-packages/sklearn/manifold/tests
[SUPPRIME] jarvisenv310/lib/python3.10/site-packages/sklearn/impute/tests
[SUPPRIME] jarvisenv310/lib/python3.10/site-packages/sklearn/mixture/tests
[SUPPRIME] jarvisenv310/lib/python3.10/site-packages/sklearn/tests
[SUPPRIME] jarvisenv310/lib/python3.10/site-packages/sklearn/tree/tests
[SUPPRIME] jarvisenv310/lib/python3.10/site-packages/sklearn/preprocessing/tests
[SUPPRIME] jarvisenv310/lib/python3.10/site-packages/sklearn/feature_extraction/tests
[SUPPRIME] jarvisenv310/lib/python3.10/site-packages/sklearn/ensemble/tests
[SUPPRIME] jarvisenv310/lib/python3.10/site-packages/sklearn/ensemble/_hist_gradient_boosting/tests
[SUPPRIME] jarvisenv310/lib/python3.10/site-packages/sklearn/cluster/tests
[SUPPRIME] jarvisenv310/lib/python3.10/site-packages/sklearn/cluster/_hdbscan/tests
[SUPPRIME] jarvisenv310/lib/python3.10/site-packages/sklearn/neighbors/tests
[SUPPRIME] jarvisenv310/lib/python3.10/site-packages/sklearn/neural_network/tests
[SUPPRIME] jarvisenv310/lib/python3.10/site-packages/sklearn/linear_model/_glm/tests
[SUPPRIME] jarvisenv310/lib/python3.10/site-packages/sklearn/linear_model/tests
[SUPPRIME] jarvisenv310/lib/python3.10/site-packages/sklearn/covariance/tests
[SUPPRIME] jarvisenv310/lib/python3.10/site-packages/sklearn/inspection/tests
[SUPPRIME] jarvisenv310/lib/python3.10/site-packages/sklearn/inspection/_plot/tests
[SUPPRIME] jarvisenv310/lib/python3.10/site-packages/sklearn/metrics/tests
[SUPPRIME] jarvisenv310/lib/python3.10/site-packages/sklearn/metrics/_plot/tests
[SUPPRIME] jarvisenv310/lib/python3.10/site-packages/sklearn/metrics/cluster/tests
[SUPPRIME] jarvisenv310/lib/python3.10/site-packages/sklearn/datasets/tests
[SUPPRIME] jarvisenv310/lib/python3.10/site-packages/sklearn/semi_supervised/tests
[SUPPRIME] jarvisenv310/lib/python3.10/site-packages/sklearn/compose/tests
[SUPPRIME] jarvisenv310/lib/python3.10/site-packages/sklearn/utils/_repr_html/tests
[SUPPRIME] jarvisenv310/lib/python3.10/site-packages/sklearn/utils/tests
[SUPPRIME] jarvisenv310/lib/python3.10/site-packages/spacy/tests
[SUPPRIME] jarvisenv310/lib/python3.10/site-packages/einops/tests
[SUPPRIME] jarvisenv310/lib/python3.10/site-packages/llvmlite/tests
[SUPPRIME] jarvisenv310/lib/python3.10/site-packages/weasel/tests
[SUPPRIME] jarvisenv310/lib/python3.10/site-packages/nltk/test
[SUPPRIME] jarvisenv310/lib/python3.10/site-packages/networkx/linalg/tests
[SUPPRIME] jarvisenv310/lib/python3.10/site-packages/networkx/drawing/tests
[SUPPRIME] jarvisenv310/lib/python3.10/site-packages/networkx/algorithms/traversal/tests
[SUPPRIME] jarvisenv310/lib/python3.10/site-packages/networkx/algorithms/assortativity/tests
[SUPPRIME] jarvisenv310/lib/python3.10/site-packages/networkx/algorithms/minors/tests
[SUPPRIME] jarvisenv310/lib/python3.10/site-packages/networkx/algorithms/centrality/tests
[SUPPRIME] jarvisenv310/lib/python3.10/site-packages/networkx/algorithms/approximation/tests
[SUPPRIME] jarvisenv310/lib/python3.10/site-packages/networkx/algorithms/community/tests
[SUPPRIME] jarvisenv310/lib/python3.10/site-packages/networkx/algorithms/link_analysis/tests
[SUPPRIME] jarvisenv310/lib/python3.10/site-packages/networkx/algorithms/components/tests
[SUPPRIME] jarvisenv310/lib/python3.10/site-packages/networkx/algorithms/flow/tests
[SUPPRIME] jarvisenv310/lib/python3.10/site-packages/networkx/algorithms/connectivity/tests
[SUPPRIME] jarvisenv310/lib/python3.10/site-packages/networkx/algorithms/tests
[SUPPRIME] jarvisenv310/lib/python3.10/site-packages/networkx/algorithms/tree/tests
[SUPPRIME] jarvisenv310/lib/python3.10/site-packages/networkx/algorithms/isomorphism/tests
[SUPPRIME] jarvisenv310/lib/python3.10/site-packages/networkx/algorithms/shortest_paths/tests
[SUPPRIME] jarvisenv310/lib/python3.10/site-packages/networkx/algorithms/operators/tests
[SUPPRIME] jarvisenv310/lib/python3.10/site-packages/networkx/algorithms/coloring/tests
[SUPPRIME] jarvisenv310/lib/python3.10/site-packages/networkx/algorithms/bipartite/tests
[SUPPRIME] jarvisenv310/lib/python3.10/site-packages/networkx/readwrite/json_graph/tests
[SUPPRIME] jarvisenv310/lib/python3.10/site-packages/networkx/readwrite/tests
[SUPPRIME] jarvisenv310/lib/python3.10/site-packages/networkx/classes/tests
[SUPPRIME] jarvisenv310/lib/python3.10/site-packages/networkx/tests
[SUPPRIME] jarvisenv310/lib/python3.10/site-packages/networkx/generators/tests
[SUPPRIME] jarvisenv310/lib/python3.10/site-packages/networkx/testing
[SUPPRIME] jarvisenv310/lib/python3.10/site-packages/networkx/utils/tests
[SUPPRIME] jarvisenv310/lib/python3.10/site-packages/joblib/test
[SUPPRIME] jarvisenv310/lib/python3.10/site-packages/tests
[SUPPRIME] jarvisenv310/lib/python3.10/site-packages/confection/tests
[SUPPRIME] jarvisenv310/lib/python3.10/site-packages/numpy/distutils/tests
[SUPPRIME] jarvisenv310/lib/python3.10/site-packages/numpy/linalg/tests
[SUPPRIME] jarvisenv310/lib/python3.10/site-packages/numpy/core/tests
[SUPPRIME] jarvisenv310/lib/python3.10/site-packages/numpy/matrixlib/tests
[SUPPRIME] jarvisenv310/lib/python3.10/site-packages/numpy/fft/tests
[SUPPRIME] jarvisenv310/lib/python3.10/site-packages/numpy/typing/tests
[SUPPRIME] jarvisenv310/lib/python3.10/site-packages/numpy/array_api/tests
[SUPPRIME] jarvisenv310/lib/python3.10/site-packages/numpy/tests
[SUPPRIME] jarvisenv310/lib/python3.10/site-packages/numpy/polynomial/tests
[SUPPRIME] jarvisenv310/lib/python3.10/site-packages/numpy/ma/tests
[SUPPRIME] jarvisenv310/lib/python3.10/site-packages/numpy/compat/tests
[SUPPRIME] jarvisenv310/lib/python3.10/site-packages/numpy/f2py/tests
[SUPPRIME] jarvisenv310/lib/python3.10/site-packages/numpy/lib/tests
[SUPPRIME] jarvisenv310/lib/python3.10/site-packages/numpy/random/tests
[SUPPRIME] jarvisenv310/lib/python3.10/site-packages/numpy/testing
[SUPPRIME] jarvisenv310/lib/python3.10/site-packages/sympy/matrices/expressions/tests
[SUPPRIME] jarvisenv310/lib/python3.10/site-packages/sympy/matrices/tests
[SUPPRIME] jarvisenv310/lib/python3.10/site-packages/sympy/core/tests
[SUPPRIME] jarvisenv310/lib/python3.10/site-packages/sympy/integrals/tests
[SUPPRIME] jarvisenv310/lib/python3.10/site-packages/sympy/vector/tests
[SUPPRIME] jarvisenv310/lib/python3.10/site-packages/sympy/strategies/branch/tests
[SUPPRIME] jarvisenv310/lib/python3.10/site-packages/sympy/strategies/tests
[SUPPRIME] jarvisenv310/lib/python3.10/site-packages/sympy/codegen/tests
[SUPPRIME] jarvisenv310/lib/python3.10/site-packages/sympy/assumptions/tests
[SUPPRIME] jarvisenv310/lib/python3.10/site-packages/sympy/tensor/array/expressions/tests
[SUPPRIME] jarvisenv310/lib/python3.10/site-packages/sympy/tensor/array/tests
[SUPPRIME] jarvisenv310/lib/python3.10/site-packages/sympy/tensor/tests
[SUPPRIME] jarvisenv310/lib/python3.10/site-packages/sympy/parsing/tests
[SUPPRIME] jarvisenv310/lib/python3.10/site-packages/sympy/solvers/ode/tests
[SUPPRIME] jarvisenv310/lib/python3.10/site-packages/sympy/solvers/diophantine/tests
[SUPPRIME] jarvisenv310/lib/python3.10/site-packages/sympy/solvers/tests
[SUPPRIME] jarvisenv310/lib/python3.10/site-packages/sympy/diffgeom/tests
[SUPPRIME] jarvisenv310/lib/python3.10/site-packages/sympy/combinatorics/tests
[SUPPRIME] jarvisenv310/lib/python3.10/site-packages/sympy/sets/tests
[SUPPRIME] jarvisenv310/lib/python3.10/site-packages/sympy/calculus/tests
[SUPPRIME] jarvisenv310/lib/python3.10/site-packages/sympy/algebras/tests
[SUPPRIME] jarvisenv310/lib/python3.10/site-packages/sympy/logic/tests
[SUPPRIME] jarvisenv310/lib/python3.10/site-packages/sympy/plotting/pygletplot/tests
[SUPPRIME] jarvisenv310/lib/python3.10/site-packages/sympy/plotting/intervalmath/tests
[SUPPRIME] jarvisenv310/lib/python3.10/site-packages/sympy/plotting/tests
[SUPPRIME] jarvisenv310/lib/python3.10/site-packages/sympy/crypto/tests
[SUPPRIME] jarvisenv310/lib/python3.10/site-packages/sympy/concrete/tests
[SUPPRIME] jarvisenv310/lib/python3.10/site-packages/sympy/utilities/_compilation/tests
[SUPPRIME] jarvisenv310/lib/python3.10/site-packages/sympy/utilities/tests
[SUPPRIME] jarvisenv310/lib/python3.10/site-packages/sympy/ntheory/tests
[SUPPRIME] jarvisenv310/lib/python3.10/site-packages/sympy/series/tests
[SUPPRIME] jarvisenv310/lib/python3.10/site-packages/sympy/functions/special/tests
[SUPPRIME] jarvisenv310/lib/python3.10/site-packages/sympy/functions/combinatorial/tests
[SUPPRIME] jarvisenv310/lib/python3.10/site-packages/sympy/functions/elementary/tests
[SUPPRIME] jarvisenv310/lib/python3.10/site-packages/sympy/stats/sampling/tests
[SUPPRIME] jarvisenv310/lib/python3.10/site-packages/sympy/stats/tests
[SUPPRIME] jarvisenv310/lib/python3.10/site-packages/sympy/interactive/tests
[SUPPRIME] jarvisenv310/lib/python3.10/site-packages/sympy/categories/tests
[SUPPRIME] jarvisenv310/lib/python3.10/site-packages/sympy/polys/matrices/tests
[SUPPRIME] jarvisenv310/lib/python3.10/site-packages/sympy/polys/numberfields/tests
[SUPPRIME] jarvisenv310/lib/python3.10/site-packages/sympy/polys/domains/tests
[SUPPRIME] jarvisenv310/lib/python3.10/site-packages/sympy/polys/agca/tests
[SUPPRIME] jarvisenv310/lib/python3.10/site-packages/sympy/polys/tests
[SUPPRIME] jarvisenv310/lib/python3.10/site-packages/sympy/liealgebras/tests
[SUPPRIME] jarvisenv310/lib/python3.10/site-packages/sympy/simplify/tests
[SUPPRIME] jarvisenv310/lib/python3.10/site-packages/sympy/sandbox/tests
[SUPPRIME] jarvisenv310/lib/python3.10/site-packages/sympy/multipledispatch/tests
[SUPPRIME] jarvisenv310/lib/python3.10/site-packages/sympy/holonomic/tests
[SUPPRIME] jarvisenv310/lib/python3.10/site-packages/sympy/geometry/tests
[SUPPRIME] jarvisenv310/lib/python3.10/site-packages/sympy/printing/tests
[SUPPRIME] jarvisenv310/lib/python3.10/site-packages/sympy/printing/pretty/tests
[SUPPRIME] jarvisenv310/lib/python3.10/site-packages/sympy/physics/quantum/tests
[SUPPRIME] jarvisenv310/lib/python3.10/site-packages/sympy/physics/continuum_mechanics/tests
[SUPPRIME] jarvisenv310/lib/python3.10/site-packages/sympy/physics/units/tests
[SUPPRIME] jarvisenv310/lib/python3.10/site-packages/sympy/physics/vector/tests
[SUPPRIME] jarvisenv310/lib/python3.10/site-packages/sympy/physics/mechanics/tests
[SUPPRIME] jarvisenv310/lib/python3.10/site-packages/sympy/physics/hep/tests
[SUPPRIME] jarvisenv310/lib/python3.10/site-packages/sympy/physics/control/tests
[SUPPRIME] jarvisenv310/lib/python3.10/site-packages/sympy/physics/tests
[SUPPRIME] jarvisenv310/lib/python3.10/site-packages/sympy/physics/optics/tests
[SUPPRIME] jarvisenv310/lib/python3.10/site-packages/sympy/physics/biomechanics/tests
[SUPPRIME] jarvisenv310/lib/python3.10/site-packages/sympy/unify/tests
[SUPPRIME] jarvisenv310/lib/python3.10/site-packages/sympy/external/tests
[SUPPRIME] jarvisenv310/lib/python3.10/site-packages/sympy/testing
[SUPPRIME] jarvisenv310/lib/python3.10/site-packages/sympy/discrete/tests
[SUPPRIME] jarvisenv310/lib/python3.10/site-packages/torch/fx/passes/tests
[SUPPRIME] jarvisenv310/lib/python3.10/site-packages/torch/_numpy/testing
[SUPPRIME] jarvisenv310/lib/python3.10/site-packages/torch/include/torch/csrc/jit/testing
[SUPPRIME] jarvisenv310/lib/python3.10/site-packages/torch/testing
[SUPPRIME] jarvisenv310/lib/python3.10/site-packages/pooch/tests
[SUPPRIME] jarvisenv310/lib/python3.10/site-packages/catalogue/tests
[SUPPRIME] jarvisenv310/lib/python3.10/site-packages/thinc/tests
[SUPPRIME] jarvisenv310/lib/python3.10/site-packages/thinc/extra/tests
[SUPPRIME] jarvisenv310/lib/python3.10/site-packages/spacy_loggers/tests
[SUPPRIME] jarvisenv310/lib/python3.10/site-packages/spacy_legacy/tests
[SUPPRIME] jarvisenv310/lib/python3.10/site-packages/langcodes/tests
[SUPPRIME] jarvisenv310/lib/python3.10/site-packages/blis/tests
[SUPPRIME] jarvisenv310/lib/python3.10/site-packages/numba/cuda/tests
[SUPPRIME] jarvisenv310/lib/python3.10/site-packages/numba/tests
[SUPPRIME] jarvisenv310/lib/python3.10/site-packages/numba/testing
[SUPPRIME] jarvisenv310/lib/python3.10/site-packages/sniffio/_tests
[SUPPRIME] jarvisenv310/lib/python3.10/site-packages/psutil/tests
[SUPPRIME] frontend/node_modules/get-intrinsic/test
[SUPPRIME] frontend/node_modules/deep-is/test
[SUPPRIME] frontend/node_modules/es-errors/test
[SUPPRIME] frontend/node_modules/fast-json-stable-stringify/test
[SUPPRIME] frontend/node_modules/dunder-proto/test
[SUPPRIME] frontend/node_modules/es-object-atoms/test
[SUPPRIME] frontend/node_modules/function-bind/test
[SUPPRIME] frontend/node_modules/has-symbols/test
[SUPPRIME] frontend/node_modules/isexe/test
[SUPPRIME] frontend/node_modules/has-tostringtag/test
[SUPPRIME] frontend/node_modules/es-define-property/test
[SUPPRIME] frontend/node_modules/call-bind-apply-helpers/test
[SUPPRIME] frontend/node_modules/es-set-tostringtag/test
[SUPPRIME] frontend/node_modules/math-intrinsics/test
[SUPPRIME] frontend/node_modules/get-proto/test
[SUPPRIME] frontend/node_modules/concat-map/test
[SUPPRIME] frontend/node_modules/gensync/test
[SUPPRIME] frontend/node_modules/fastq/test
[SUPPRIME] frontend/node_modules/gopd/test
[SUPPRIME] frontend/node_modules/json-buffer/test
[SUPPRIME] frontend/node_modules/json-stable-stringify-without-jsonify/test
[SUPPRIME] /root/my-double-numerique/web_ui.py.bak
[SUPPRIME] /root/my-double-numerique/web_ui_streamlit.py.bak
[SUPPRIME] /root/my-double-numerique/web_ui.py
[SUPPRIME] /root/my-double-numerique/web_ui_streamlit.py
